<?xml version="1.0" encoding="UTF-8"?>
<!-- Generated by org.testng.reporters.JUnitReportReporter -->
<testsuite skipped="0" hostname="W10170118" name="runner.TestRunner" tests="2" failures="0" timestamp="09 Nov 2017 17:11:10 GMT" time="43.246" errors="0">
  <testcase name="feature" time="32.515" classname="runner.TestRunner"/>
  <testcase name="feature" time="10.731" classname="runner.TestRunner"/>
</testsuite> <!-- runner.TestRunner -->
